       CDR   1.57e-01 201.00e+00  1.57e+01  3.00e+00 Z_62   127        NaN  4.189e-01        NaN        NaN    34.38
       CDR   1.57e-01 201.00e+00  1.57e+01  3.00e+00 Z_62   127        NaN  4.189e-01        NaN        NaN     8.45
       CDR   1.57e-01 201.00e+00  1.57e+01  1.00e+01 Z_62   127        NaN  4.108e-03        NaN        NaN    56.68
       CDR   1.57e-01 201.00e+00  1.57e+01  7.00e+00 Z_62   127        NaN  1.194e-01        NaN        NaN    95.07
       CDR   1.57e-01 201.00e+00  1.57e+01  0.00e+00 Z_62   127        NaN  4.904e-01        NaN        NaN     0.08
       CDR   1.57e-01 201.00e+00  1.57e+01  2.00e+00 Z_62   127        NaN  4.552e-01        NaN        NaN     3.78
       CDR   1.57e-01 201.00e+00  1.57e+01  8.00e+00 Z_62   127        NaN  5.506e-02        NaN        NaN   108.02
       CDR   1.57e-01 201.00e+00  1.57e+01  5.00e+00 Z_62   127        NaN  3.062e-01        NaN        NaN    50.38
       CDR   1.57e-01 201.00e+00  1.57e+01  1.00e+00 Z_62   127        NaN  4.890e-01        NaN        NaN     1.99
       CDR   1.57e-01 201.00e+00  1.57e+01  4.00e+00 Z_62   127        NaN  3.622e-01        NaN        NaN    25.81
       CDR   1.57e-01 201.00e+00  1.57e+01  1.57e+01 Z_62   127        NaN -1.981e-03        NaN        NaN     0.11
       CDR   1.57e-01 201.00e+00  1.57e+01  6.00e+00 Z_62   127        NaN  2.018e-01        NaN        NaN    72.96
       CDR   1.57e-01 201.00e+00  1.57e+01  3.00e+00 Z_62   127        NaN  4.189e-01        NaN        NaN    12.88
       CDR   1.57e-01 201.00e+00  1.57e+01  1.00e+01 Z_62   127        NaN  4.108e-03        NaN        NaN    85.28
       CDR   1.57e-01 201.00e+00  1.57e+01  7.00e+00 Z_62   127        NaN  1.194e-01        NaN        NaN   126.29
       CDR   1.57e-01 201.00e+00  1.57e+01  0.00e+00 Z_62   127        NaN  4.904e-01        NaN        NaN     0.08
       CDR   1.57e-01 201.00e+00  1.57e+01  2.00e+00 Z_62   127        NaN  4.552e-01        NaN        NaN     5.24
       CDR   1.57e-01 201.00e+00  1.57e+01  8.00e+00 Z_62   127        NaN  5.506e-02        NaN        NaN   150.03
       CDR   1.57e-01 201.00e+00  1.57e+01  5.00e+00 Z_62   127        NaN  3.062e-01        NaN        NaN    71.94
       CDR   1.57e-01 201.00e+00  1.57e+01  1.00e+00 Z_62   127        NaN  4.890e-01        NaN        NaN     2.52
       CDR   1.57e-01 201.00e+00  1.57e+01  4.00e+00 Z_62   127        NaN  3.622e-01        NaN        NaN    45.93
       CDR   1.57e-01 201.00e+00  1.57e+01  1.57e+01 Z_62   127        NaN -1.981e-03        NaN        NaN     0.14
       CDR   1.57e-01 201.00e+00  1.57e+01  6.00e+00 Z_62   127        NaN  2.018e-01        NaN        NaN   111.07
