       ZNE   1.57e-01 201.00e+00  1.57e+01  3.00e+00 Unknown   127        NaN  4.189e-01  5.766e-01       NaN        NaN     8.47
       ZNE   1.57e-01 201.00e+00  1.57e+01  1.00e+01 Unknown   127        NaN  4.108e-03  2.879e-03       NaN        NaN    20.21
       ZNE   1.57e-01 201.00e+00  1.57e+01  7.00e+00 Unknown   127        NaN  1.194e-01  2.202e-01       NaN        NaN    33.21
       ZNE   1.57e-01 201.00e+00  1.57e+01  0.00e+00 Unknown   127        NaN  4.904e-01  8.600e-01       NaN        NaN     0.02
       ZNE   1.57e-01 201.00e+00  1.57e+01  2.00e+00 Unknown   127        NaN  4.552e-01  5.661e-01       NaN        NaN     1.35
       ZNE   1.57e-01 201.00e+00  1.57e+01  8.00e+00 Unknown   127        NaN  5.506e-02  9.932e-02       NaN        NaN    36.92
       ZNE   1.57e-01 201.00e+00  1.57e+01  5.00e+00 Unknown   127        NaN  3.062e-01  4.207e-01       NaN        NaN    16.89
       ZNE   1.57e-01 201.00e+00  1.57e+01  1.00e+00 Unknown   127        NaN  4.890e-01  7.283e-01       NaN        NaN     0.99
       ZNE   1.57e-01 201.00e+00  1.57e+01  4.00e+00 Unknown   127        NaN  3.622e-01  5.537e-01       NaN        NaN     9.86
       ZNE   1.57e-01 201.00e+00  1.57e+01  1.57e+01 Unknown   127        NaN -1.981e-03  0.000e+00       NaN        NaN     0.06
       ZNE   1.57e-01 201.00e+00  1.57e+01  6.00e+00 Unknown   127        NaN  2.018e-01  3.166e-01       NaN        NaN    26.88
       ZNE   1.57e-01 201.00e+00  1.57e+01  3.00e+00 Unknown   127        NaN  4.189e-01  5.766e-01       NaN        NaN     3.86
       ZNE   1.57e-01 201.00e+00  1.57e+01  1.00e+01 Unknown   127        NaN  4.108e-03  2.879e-03       NaN        NaN    24.72
       ZNE   1.57e-01 201.00e+00  1.57e+01  7.00e+00 Unknown   127        NaN  1.194e-01  2.202e-01       NaN        NaN    39.30
       ZNE   1.57e-01 201.00e+00  1.57e+01  0.00e+00 Unknown   127        NaN  4.904e-01  8.600e-01       NaN        NaN     0.03
       ZNE   1.57e-01 201.00e+00  1.57e+01  2.00e+00 Unknown   127        NaN  4.552e-01  5.661e-01       NaN        NaN     1.87
       ZNE   1.57e-01 201.00e+00  1.57e+01  8.00e+00 Unknown   127        NaN  5.506e-02  9.932e-02       NaN        NaN    41.53
       ZNE   1.57e-01 201.00e+00  1.57e+01  5.00e+00 Unknown   127        NaN  3.062e-01  4.207e-01       NaN        NaN    20.80
       ZNE   1.57e-01 201.00e+00  1.57e+01  1.00e+00 Unknown   127        NaN  4.890e-01  7.283e-01       NaN        NaN     1.11
       ZNE   1.57e-01 201.00e+00  1.57e+01  4.00e+00 Unknown   127        NaN  3.622e-01  5.537e-01       NaN        NaN    11.53
       ZNE   1.57e-01 201.00e+00  1.57e+01  1.57e+01 Unknown   127        NaN -1.981e-03  0.000e+00       NaN        NaN     0.05
       ZNE   1.57e-01 201.00e+00  1.57e+01  6.00e+00 Unknown   127        NaN  2.018e-01  3.166e-01       NaN        NaN    34.30
       ZNE   1.57e-01 201.00e+00  1.57e+01  3.00e+00 Unknown   127        NaN  4.189e-01  5.766e-01       NaN        NaN     4.01
       ZNE   1.57e-01 201.00e+00  1.57e+01  1.00e+01 Unknown   127        NaN  4.108e-03  2.879e-03       NaN        NaN    29.18
       ZNE   1.57e-01 201.00e+00  1.57e+01  7.00e+00 Unknown   127        NaN  1.194e-01  2.202e-01       NaN        NaN    50.77
       ZNE   1.57e-01 201.00e+00  1.57e+01  0.00e+00 Unknown   127        NaN  4.904e-01  8.600e-01       NaN        NaN     0.09
       ZNE   1.57e-01 201.00e+00  1.57e+01  2.00e+00 Unknown   127        NaN  4.552e-01  5.661e-01       NaN        NaN     2.92
       ZNE   1.57e-01 201.00e+00  1.57e+01  8.00e+00 Unknown   127        NaN  5.506e-02  9.932e-02       NaN        NaN    53.11
       ZNE   1.57e-01 201.00e+00  1.57e+01  5.00e+00 Unknown   127        NaN  3.062e-01  4.207e-01       NaN        NaN    25.35
       ZNE   1.57e-01 201.00e+00  1.57e+01  1.00e+00 Unknown   127        NaN  4.890e-01  7.283e-01       NaN        NaN     1.22
       ZNE   1.57e-01 201.00e+00  1.57e+01  4.00e+00 Unknown   127        NaN  3.622e-01  5.537e-01       NaN        NaN    14.09
       ZNE   1.57e-01 201.00e+00  1.57e+01  1.57e+01 Unknown   127        NaN -1.981e-03  0.000e+00       NaN        NaN     0.07
       ZNE   1.57e-01 201.00e+00  1.57e+01  6.00e+00 Unknown   127        NaN  2.018e-01  3.166e-01       NaN        NaN    42.78
