     vnCDR   1.57e-01 201.00e+00  1.57e+01  3.00e+00 Z_62   127        NaN  4.189e-01  9.970e-01        NaN         NaN    43.55
     vnCDR   1.57e-01 201.00e+00  1.57e+01  3.00e+00 Z_62   127        NaN  4.189e-01  1.001e+00        NaN         NaN    10.85
     vnCDR   1.57e-01 201.00e+00  1.57e+01  1.00e+01 Z_62   127        NaN  4.108e-03  5.102e-03        NaN         NaN    61.12
     vnCDR   1.57e-01 201.00e+00  1.57e+01  7.00e+00 Z_62   127        NaN  1.194e-01  4.457e-01        NaN         NaN    98.09
     vnCDR   1.57e-01 201.00e+00  1.57e+01  0.00e+00 Z_62   127        NaN  4.904e-01  1.000e+00        NaN         NaN     0.37
     vnCDR   1.57e-01 201.00e+00  1.57e+01  2.00e+00 Z_62   127        NaN  4.552e-01  9.774e-01        NaN         NaN     6.35
     vnCDR   1.57e-01 201.00e+00  1.57e+01  8.00e+00 Z_62   127        NaN  5.506e-02  1.791e-01        NaN         NaN   110.98
     vnCDR   1.57e-01 201.00e+00  1.57e+01  5.00e+00 Z_62   127        NaN  3.062e-01  7.463e-01        NaN         NaN    53.89
     vnCDR   1.57e-01 201.00e+00  1.57e+01  1.00e+00 Z_62   127        NaN  4.890e-01  9.964e-01        NaN         NaN     6.37
     vnCDR   1.57e-01 201.00e+00  1.57e+01  4.00e+00 Z_62   127        NaN  3.622e-01  9.208e-01        NaN         NaN    29.38
     vnCDR   1.57e-01 201.00e+00  1.57e+01  1.57e+01 Z_62   127        NaN -1.981e-03  0.000e+00        NaN         NaN     0.50
     vnCDR   1.57e-01 201.00e+00  1.57e+01  6.00e+00 Z_62   127        NaN  2.018e-01  6.003e-01        NaN         NaN    77.73
     vnCDR   1.57e-01 201.00e+00  1.57e+01  3.00e+00 Z_62   127        NaN  4.189e-01  9.710e-01        NaN         NaN    18.66
     vnCDR   1.57e-01 201.00e+00  1.57e+01  1.00e+01 Z_62   127        NaN  4.108e-03  6.988e-03        NaN         NaN    90.78
     vnCDR   1.57e-01 201.00e+00  1.57e+01  7.00e+00 Z_62   127        NaN  1.194e-01  4.555e-01        NaN         NaN   130.32
     vnCDR   1.57e-01 201.00e+00  1.57e+01  0.00e+00 Z_62   127        NaN  4.904e-01  1.000e+00        NaN         NaN     0.38
     vnCDR   1.57e-01 201.00e+00  1.57e+01  2.00e+00 Z_62   127        NaN  4.552e-01  9.626e-01        NaN         NaN    12.45
     vnCDR   1.57e-01 201.00e+00  1.57e+01  8.00e+00 Z_62   127        NaN  5.506e-02  2.131e-01        NaN         NaN   152.90
     vnCDR   1.57e-01 201.00e+00  1.57e+01  5.00e+00 Z_62   127        NaN  3.062e-01  7.447e-01        NaN         NaN    76.62
     vnCDR   1.57e-01 201.00e+00  1.57e+01  1.00e+00 Z_62   127        NaN  4.890e-01  9.964e-01        NaN         NaN     8.02
     vnCDR   1.57e-01 201.00e+00  1.57e+01  4.00e+00 Z_62   127        NaN  3.622e-01  9.182e-01        NaN         NaN    53.15
     vnCDR   1.57e-01 201.00e+00  1.57e+01  1.57e+01 Z_62   127        NaN -1.981e-03  0.000e+00        NaN         NaN     0.62
     vnCDR   1.57e-01 201.00e+00  1.57e+01  6.00e+00 Z_62   127        NaN  2.018e-01  5.797e-01        NaN         NaN   114.19
