     vnCDR   1.57e-01 201.00e+00  1.57e+01  3.00e+00 Unknown   127        NaN  4.189e-01  1.019e+00         NaN        NaN    14.09
     vnCDR   1.57e-01 201.00e+00  1.57e+01  1.00e+01 Unknown   127        NaN  4.108e-03  7.851e+01         NaN        NaN    21.12
     vnCDR   1.57e-01 201.00e+00  1.57e+01  7.00e+00 Unknown   127        NaN  1.194e-01  1.167e+00         NaN        NaN    34.72
     vnCDR   1.57e-01 201.00e+00  1.57e+01  0.00e+00 Unknown   127        NaN  4.904e-01  1.000e+00         NaN        NaN     0.10
     vnCDR   1.57e-01 201.00e+00  1.57e+01  2.00e+00 Unknown   127        NaN  4.552e-01  9.901e-01         NaN        NaN     2.18
     vnCDR   1.57e-01 201.00e+00  1.57e+01  8.00e+00 Unknown   127        NaN  5.506e-02  1.377e+00         NaN        NaN    37.81
     vnCDR   1.57e-01 201.00e+00  1.57e+01  5.00e+00 Unknown   127        NaN  3.062e-01  1.110e+00         NaN        NaN    17.58
     vnCDR   1.57e-01 201.00e+00  1.57e+01  1.00e+00 Unknown   127        NaN  4.890e-01  9.964e-01         NaN        NaN     2.49
     vnCDR   1.57e-01 201.00e+00  1.57e+01  4.00e+00 Unknown   127        NaN  3.622e-01  1.024e+00         NaN        NaN    11.80
     vnCDR   1.57e-01 201.00e+00  1.57e+01  1.57e+01 Unknown   127        NaN -1.981e-03        NaN         NaN        NaN     0.18
     vnCDR   1.57e-01 201.00e+00  1.57e+01  6.00e+00 Unknown   127        NaN  2.018e-01  1.224e+00         NaN        NaN    28.42
     vnCDR   1.57e-01 201.00e+00  1.57e+01  3.00e+00 Unknown   127        NaN  4.189e-01  1.015e+00         NaN        NaN     5.07
     vnCDR   1.57e-01 201.00e+00  1.57e+01  1.00e+01 Unknown   127        NaN  4.108e-03  3.429e+00         NaN        NaN    26.02
     vnCDR   1.57e-01 201.00e+00  1.57e+01  7.00e+00 Unknown   127        NaN  1.194e-01  1.393e+00         NaN        NaN    40.34
     vnCDR   1.57e-01 201.00e+00  1.57e+01  0.00e+00 Unknown   127        NaN  4.904e-01  1.000e+00         NaN        NaN     0.13
     vnCDR   1.57e-01 201.00e+00  1.57e+01  2.00e+00 Unknown   127        NaN  4.552e-01  9.904e-01         NaN        NaN     3.40
     vnCDR   1.57e-01 201.00e+00  1.57e+01  8.00e+00 Unknown   127        NaN  5.506e-02  1.460e+00         NaN        NaN    43.37
     vnCDR   1.57e-01 201.00e+00  1.57e+01  5.00e+00 Unknown   127        NaN  3.062e-01  1.067e+00         NaN        NaN    23.20
     vnCDR   1.57e-01 201.00e+00  1.57e+01  1.00e+00 Unknown   127        NaN  4.890e-01  9.964e-01         NaN        NaN     2.81
     vnCDR   1.57e-01 201.00e+00  1.57e+01  4.00e+00 Unknown   127        NaN  3.622e-01  1.082e+00         NaN        NaN    13.75
     vnCDR   1.57e-01 201.00e+00  1.57e+01  1.57e+01 Unknown   127        NaN -1.981e-03        NaN         NaN        NaN     0.20
     vnCDR   1.57e-01 201.00e+00  1.57e+01  6.00e+00 Unknown   127        NaN  2.018e-01  1.167e+00         NaN        NaN    36.58
     vnCDR   1.57e-01 201.00e+00  1.57e+01  3.00e+00 Unknown   127        NaN  4.189e-01  1.019e+00         NaN        NaN     5.26
     vnCDR   1.57e-01 201.00e+00  1.57e+01  1.00e+01 Unknown   127        NaN  4.108e-03  1.885e+00         NaN        NaN    30.92
     vnCDR   1.57e-01 201.00e+00  1.57e+01  7.00e+00 Unknown   127        NaN  1.194e-01  1.173e+00         NaN        NaN    53.60
     vnCDR   1.57e-01 201.00e+00  1.57e+01  0.00e+00 Unknown   127        NaN  4.904e-01  1.000e+00         NaN        NaN     0.33
     vnCDR   1.57e-01 201.00e+00  1.57e+01  2.00e+00 Unknown   127        NaN  4.552e-01  9.912e-01         NaN        NaN     4.61
     vnCDR   1.57e-01 201.00e+00  1.57e+01  8.00e+00 Unknown   127        NaN  5.506e-02  1.352e+00         NaN        NaN    54.67
     vnCDR   1.57e-01 201.00e+00  1.57e+01  5.00e+00 Unknown   127        NaN  3.062e-01  1.136e+00         NaN        NaN    26.57
     vnCDR   1.57e-01 201.00e+00  1.57e+01  1.00e+00 Unknown   127        NaN  4.890e-01  9.964e-01         NaN        NaN     3.20
     vnCDR   1.57e-01 201.00e+00  1.57e+01  4.00e+00 Unknown   127        NaN  3.622e-01  9.170e-01         NaN        NaN    14.87
     vnCDR   1.57e-01 201.00e+00  1.57e+01  1.57e+01 Unknown   127        NaN -1.981e-03        NaN         NaN        NaN     0.23
     vnCDR   1.57e-01 201.00e+00  1.57e+01  6.00e+00 Unknown   127        NaN  2.018e-01  9.054e-01         NaN        NaN    45.28
