       CDR   1.57e-01 201.00e+00  1.57e+01  3.00e+00 Unknown   127        NaN  4.189e-01        NaN        NaN     8.48
       CDR   1.57e-01 201.00e+00  1.57e+01  1.00e+01 Unknown   127        NaN  4.108e-03        NaN        NaN    20.21
       CDR   1.57e-01 201.00e+00  1.57e+01  7.00e+00 Unknown   127        NaN  1.194e-01        NaN        NaN    33.21
       CDR   1.57e-01 201.00e+00  1.57e+01  0.00e+00 Unknown   127        NaN  4.904e-01        NaN        NaN     0.02
       CDR   1.57e-01 201.00e+00  1.57e+01  2.00e+00 Unknown   127        NaN  4.552e-01        NaN        NaN     1.35
       CDR   1.57e-01 201.00e+00  1.57e+01  8.00e+00 Unknown   127        NaN  5.506e-02        NaN        NaN    36.92
       CDR   1.57e-01 201.00e+00  1.57e+01  5.00e+00 Unknown   127        NaN  3.062e-01        NaN        NaN    16.89
       CDR   1.57e-01 201.00e+00  1.57e+01  1.00e+00 Unknown   127        NaN  4.890e-01        NaN        NaN     0.99
       CDR   1.57e-01 201.00e+00  1.57e+01  4.00e+00 Unknown   127        NaN  3.622e-01        NaN        NaN     9.86
       CDR   1.57e-01 201.00e+00  1.57e+01  1.57e+01 Unknown   127        NaN -1.981e-03        NaN        NaN     0.06
       CDR   1.57e-01 201.00e+00  1.57e+01  6.00e+00 Unknown   127        NaN  2.018e-01        NaN        NaN    26.88
       CDR   1.57e-01 201.00e+00  1.57e+01  3.00e+00 Unknown   127        NaN  4.189e-01        NaN        NaN     3.87
       CDR   1.57e-01 201.00e+00  1.57e+01  1.00e+01 Unknown   127        NaN  4.108e-03        NaN        NaN    24.73
       CDR   1.57e-01 201.00e+00  1.57e+01  7.00e+00 Unknown   127        NaN  1.194e-01        NaN        NaN    39.30
       CDR   1.57e-01 201.00e+00  1.57e+01  0.00e+00 Unknown   127        NaN  4.904e-01        NaN        NaN     0.03
       CDR   1.57e-01 201.00e+00  1.57e+01  2.00e+00 Unknown   127        NaN  4.552e-01        NaN        NaN     1.87
       CDR   1.57e-01 201.00e+00  1.57e+01  8.00e+00 Unknown   127        NaN  5.506e-02        NaN        NaN    41.53
       CDR   1.57e-01 201.00e+00  1.57e+01  5.00e+00 Unknown   127        NaN  3.062e-01        NaN        NaN    20.80
       CDR   1.57e-01 201.00e+00  1.57e+01  1.00e+00 Unknown   127        NaN  4.890e-01        NaN        NaN     1.11
       CDR   1.57e-01 201.00e+00  1.57e+01  4.00e+00 Unknown   127        NaN  3.622e-01        NaN        NaN    11.53
       CDR   1.57e-01 201.00e+00  1.57e+01  1.57e+01 Unknown   127        NaN -1.981e-03        NaN        NaN     0.05
       CDR   1.57e-01 201.00e+00  1.57e+01  6.00e+00 Unknown   127        NaN  2.018e-01        NaN        NaN    34.31
       CDR   1.57e-01 201.00e+00  1.57e+01  3.00e+00 Unknown   127        NaN  4.189e-01        NaN        NaN     4.02
       CDR   1.57e-01 201.00e+00  1.57e+01  1.00e+01 Unknown   127        NaN  4.108e-03        NaN        NaN    29.18
       CDR   1.57e-01 201.00e+00  1.57e+01  7.00e+00 Unknown   127        NaN  1.194e-01        NaN        NaN    50.77
       CDR   1.57e-01 201.00e+00  1.57e+01  0.00e+00 Unknown   127        NaN  4.904e-01        NaN        NaN     0.09
       CDR   1.57e-01 201.00e+00  1.57e+01  2.00e+00 Unknown   127        NaN  4.552e-01        NaN        NaN     2.92
       CDR   1.57e-01 201.00e+00  1.57e+01  8.00e+00 Unknown   127        NaN  5.506e-02        NaN        NaN    53.11
       CDR   1.57e-01 201.00e+00  1.57e+01  5.00e+00 Unknown   127        NaN  3.062e-01        NaN        NaN    25.35
       CDR   1.57e-01 201.00e+00  1.57e+01  1.00e+00 Unknown   127        NaN  4.890e-01        NaN        NaN     1.22
       CDR   1.57e-01 201.00e+00  1.57e+01  4.00e+00 Unknown   127        NaN  3.622e-01        NaN        NaN    14.09
       CDR   1.57e-01 201.00e+00  1.57e+01  1.57e+01 Unknown   127        NaN -1.981e-03        NaN        NaN     0.07
       CDR   1.57e-01 201.00e+00  1.57e+01  6.00e+00 Unknown   127        NaN  2.018e-01        NaN        NaN    42.78
