       ZNE   1.57e-01 201.00e+00  1.57e+01  3.00e+00 Z_62   127        NaN  4.189e-01  5.771e-01       NaN        NaN    34.35
       ZNE   1.57e-01 201.00e+00  1.57e+01  3.00e+00 Z_62   127        NaN  4.189e-01  5.775e-01       NaN        NaN     8.43
       ZNE   1.57e-01 201.00e+00  1.57e+01  1.00e+01 Z_62   127        NaN  4.108e-03  2.945e-03       NaN        NaN    56.68
       ZNE   1.57e-01 201.00e+00  1.57e+01  7.00e+00 Z_62   127        NaN  1.194e-01  2.230e-01       NaN        NaN    95.07
       ZNE   1.57e-01 201.00e+00  1.57e+01  0.00e+00 Z_62   127        NaN  4.904e-01  8.591e-01       NaN        NaN     0.08
       ZNE   1.57e-01 201.00e+00  1.57e+01  2.00e+00 Z_62   127        NaN  4.552e-01  5.732e-01       NaN        NaN     3.78
       ZNE   1.57e-01 201.00e+00  1.57e+01  8.00e+00 Z_62   127        NaN  5.506e-02  1.012e-01       NaN        NaN   108.02
       ZNE   1.57e-01 201.00e+00  1.57e+01  5.00e+00 Z_62   127        NaN  3.062e-01  4.374e-01       NaN        NaN    50.38
       ZNE   1.57e-01 201.00e+00  1.57e+01  1.00e+00 Z_62   127        NaN  4.890e-01  7.355e-01       NaN        NaN     1.99
       ZNE   1.57e-01 201.00e+00  1.57e+01  4.00e+00 Z_62   127        NaN  3.622e-01  5.658e-01       NaN        NaN    25.81
       ZNE   1.57e-01 201.00e+00  1.57e+01  1.57e+01 Z_62   127        NaN -1.981e-03  0.000e+00       NaN        NaN     0.11
       ZNE   1.57e-01 201.00e+00  1.57e+01  6.00e+00 Z_62   127        NaN  2.018e-01  3.240e-01       NaN        NaN    72.96
       ZNE   1.57e-01 201.00e+00  1.57e+01  3.00e+00 Z_62   127        NaN  4.189e-01  5.775e-01       NaN        NaN    12.84
       ZNE   1.57e-01 201.00e+00  1.57e+01  1.00e+01 Z_62   127        NaN  4.108e-03  2.945e-03       NaN        NaN    85.28
       ZNE   1.57e-01 201.00e+00  1.57e+01  7.00e+00 Z_62   127        NaN  1.194e-01  2.230e-01       NaN        NaN   126.29
       ZNE   1.57e-01 201.00e+00  1.57e+01  0.00e+00 Z_62   127        NaN  4.904e-01  8.591e-01       NaN        NaN     0.08
       ZNE   1.57e-01 201.00e+00  1.57e+01  2.00e+00 Z_62   127        NaN  4.552e-01  5.732e-01       NaN        NaN     5.24
       ZNE   1.57e-01 201.00e+00  1.57e+01  8.00e+00 Z_62   127        NaN  5.506e-02  1.012e-01       NaN        NaN   150.03
       ZNE   1.57e-01 201.00e+00  1.57e+01  5.00e+00 Z_62   127        NaN  3.062e-01  4.374e-01       NaN        NaN    71.94
       ZNE   1.57e-01 201.00e+00  1.57e+01  1.00e+00 Z_62   127        NaN  4.890e-01  7.355e-01       NaN        NaN     2.52
       ZNE   1.57e-01 201.00e+00  1.57e+01  4.00e+00 Z_62   127        NaN  3.622e-01  5.658e-01       NaN        NaN    45.93
       ZNE   1.57e-01 201.00e+00  1.57e+01  1.57e+01 Z_62   127        NaN -1.981e-03  0.000e+00       NaN        NaN     0.14
       ZNE   1.57e-01 201.00e+00  1.57e+01  6.00e+00 Z_62   127        NaN  2.018e-01  3.240e-01       NaN        NaN   111.07
